<?xml version="1.0" encoding="UTF-8"?>
<!-- Generated by org.testng.reporters.JUnitReportReporter -->
<testsuite hostname="DESKTOP-QJS9O9E" failures="0" tests="1" name="test.NaaptolHomePageTest" time="33.924" errors="0" timestamp="2023-10-27T09:23:18 IST" skipped="0">
  <testcase classname="test.NaaptolHomePageTest" name="NaaptolLoginTest" time="33.924"/>
</testsuite> <!-- test.NaaptolHomePageTest -->
