<?xml version="1.0" encoding="UTF-8"?>
<!-- Generated by org.testng.reporters.JUnitReportReporter -->
<testsuite hostname="DESKTOP-QJS9O9E" failures="0" tests="1" name="test.AddProductToCartFromProDescVerifyAmount" time="9.502" errors="0" timestamp="2023-10-30T11:22:28 IST" skipped="0">
  <testcase classname="test.AddProductToCartFromProDescVerifyAmount" name="AddProductTocartFromProductDescriptionTest" time="9.502"/>
</testsuite> <!-- test.AddProductToCartFromProDescVerifyAmount -->
