<?xml version="1.0" encoding="UTF-8"?>
<!-- Generated by org.testng.reporters.JUnitReportReporter -->
<testsuite hostname="DESKTOP-QJS9O9E" failures="0" tests="1" name="test.AddMutipleProductsFromQuickViewTest" time="18.820" errors="0" timestamp="2023-10-30T18:26:40 IST" skipped="0">
  <testcase classname="test.AddMutipleProductsFromQuickViewTest" name="verifyingMultipleProductaddedInCartViaquickView" time="18.820"/>
</testsuite> <!-- test.AddMutipleProductsFromQuickViewTest -->
