<?xml version="1.0" encoding="UTF-8"?>
<!-- Generated by org.testng.reporters.JUnitReportReporter -->
<testsuite hostname="DESKTOP-QJS9O9E" failures="0" tests="1" name="test.SearchProductResultTest" time="9.825" errors="0" timestamp="2023-10-27T14:55:31 IST" skipped="0">
  <testcase classname="test.SearchProductResultTest" name="verifyIfProductIsVisibleInQuickViewTab" time="9.825"/>
</testsuite> <!-- test.SearchProductResultTest -->
