<?xml version="1.0" encoding="UTF-8"?>
<!-- Generated by org.testng.reporters.JUnitReportReporter -->
<testsuite hostname="DESKTOP-QJS9O9E" failures="0" tests="1" name="test.AddToProductFromQuickViewTestPage" time="10.648" errors="0" timestamp="2023-10-29T12:41:50 IST" skipped="0">
  <testcase classname="test.AddToProductFromQuickViewTestPage" name="verifyingProductaddedInCartViaquickView" time="10.648"/>
</testsuite> <!-- test.AddToProductFromQuickViewTestPage -->
