<?xml version="1.0" encoding="UTF-8"?>
<!-- Generated by org.testng.reporters.JUnitReportReporter -->
<testsuite hostname="DESKTOP-QJS9O9E" failures="0" tests="1" name="test.ToVerifyAmountFromQuickView" time="20.701" errors="0" timestamp="2023-10-30T19:13:26 IST" skipped="0">
  <testcase classname="test.ToVerifyAmountFromQuickView" name="verifyingMultipleProductaddedInCartViaquickView" time="20.701"/>
</testsuite> <!-- test.ToVerifyAmountFromQuickView -->
